10:48:43.492 [main] INFO  testCase.TC_004_VerifyInvalidUser - ***** TC_003_UsedCarsLocationSpecificTest finished *****
10:48:43.837 [main] INFO  testCase.TC_004_VerifyInvalidUser - ***** TC_004_VerifyInvalidUser starting *****
10:48:43.859 [main] INFO  testCase.TC_004_VerifyInvalidUser - Clicking on login button
10:48:44.125 [main] INFO  testCase.TC_004_VerifyInvalidUser - click on google
10:48:54.508 [main] INFO  testCase.TC_004_VerifyInvalidUser - Registring with invalid email id
10:49:05.549 [main] INFO  testCase.TC_004_VerifyInvalidUser - Printing the error message of invalid google login
10:49:05.551 [main] INFO  testCase.TC_004_VerifyInvalidUser - ***** TC_004_VerifyInvalidUser finished *****
14:36:45.049 [main] INFO  testCase.TC_004_VerifyInvalidUser - ***** TC_001_NewBikes_UpcomingBikes starting *****
14:37:08.765 [main] INFO  testCase.TC_004_VerifyInvalidUser - Checking whether upcoming Bikes page is navigated or not
14:37:08.767 [main] INFO  testCase.TC_004_VerifyInvalidUser - ***** TC_001_NewBikes_UpcomingBikes finished *****
14:37:08.936 [main] INFO  testCase.TC_004_VerifyInvalidUser - ***** TC_002_UpcomingBikeManufacturers starting *****
14:37:08.938 [main] INFO  testCase.TC_004_VerifyInvalidUser - Selecting Honda in the manufacturer dropdown
14:37:15.874 [main] INFO  testCase.TC_004_VerifyInvalidUser - Fetching newly launched bikes in upcoming bikes Honda section
14:37:26.685 [main] INFO  testCase.TC_004_VerifyInvalidUser - ***** TC_002_UpcomingBikeManufacturers finished *****
14:37:27.112 [main] INFO  testCase.TC_004_VerifyInvalidUser - ***** TC_003_UsedCarsLocationSpecificTest starting *****
14:37:56.875 [main] INFO  testCase.TC_004_VerifyInvalidUser - ***** TC_003_UsedCarsLocationSpecificTest finished *****
14:37:57.055 [main] INFO  testCase.TC_004_VerifyInvalidUser - ***** TC_004_VerifyInvalidUser starting *****
14:37:57.073 [main] INFO  testCase.TC_004_VerifyInvalidUser - Clicking on login button
14:38:23.762 [main] INFO  testCase.TC_004_VerifyInvalidUser - click on google
14:38:24.029 [main] INFO  testCase.TC_004_VerifyInvalidUser - Registring with invalid email id
14:39:11.971 [main] INFO  testCase.TC_004_VerifyInvalidUser - Printing the error message of invalid google login
14:39:11.971 [main] INFO  testCase.TC_004_VerifyInvalidUser - ***** TC_004_VerifyInvalidUser finished *****
14:40:19.360 [main] INFO  testCase.TC_004_VerifyInvalidUser - ***** TC_001_NewBikes_UpcomingBikes starting *****
14:40:27.143 [main] INFO  testCase.TC_004_VerifyInvalidUser - Checking whether upcoming Bikes page is navigated or not
14:40:27.145 [main] INFO  testCase.TC_004_VerifyInvalidUser - ***** TC_001_NewBikes_UpcomingBikes finished *****
14:40:27.600 [main] INFO  testCase.TC_004_VerifyInvalidUser - ***** TC_002_UpcomingBikeManufacturers starting *****
14:40:27.601 [main] INFO  testCase.TC_004_VerifyInvalidUser - Selecting Honda in the manufacturer dropdown
14:41:01.470 [main] INFO  testCase.TC_004_VerifyInvalidUser - Fetching newly launched bikes in upcoming bikes Honda section
14:41:32.505 [main] INFO  testCase.TC_004_VerifyInvalidUser - ***** TC_002_UpcomingBikeManufacturers finished *****
14:41:32.818 [main] INFO  testCase.TC_004_VerifyInvalidUser - ***** TC_003_UsedCarsLocationSpecificTest starting *****
14:42:01.059 [main] INFO  testCase.TC_004_VerifyInvalidUser - ***** TC_003_UsedCarsLocationSpecificTest finished *****
14:42:02.069 [main] INFO  testCase.TC_004_VerifyInvalidUser - ***** TC_004_VerifyInvalidUser starting *****
14:42:02.075 [main] INFO  testCase.TC_004_VerifyInvalidUser - Clicking on login button
14:42:02.496 [main] INFO  testCase.TC_004_VerifyInvalidUser - click on google
14:42:04.748 [main] INFO  testCase.TC_004_VerifyInvalidUser - Registring with invalid email id
14:42:07.764 [main] INFO  testCase.TC_004_VerifyInvalidUser - Printing the error message of invalid google login
14:42:07.765 [main] INFO  testCase.TC_004_VerifyInvalidUser - ***** TC_004_VerifyInvalidUser finished *****
14:43:06.960 [main] INFO  testCase.TC_004_VerifyInvalidUser - ***** TC_001_NewBikes_UpcomingBikes starting *****
14:43:13.160 [main] INFO  testCase.TC_004_VerifyInvalidUser - Checking whether upcoming Bikes page is navigated or not
14:43:13.163 [main] INFO  testCase.TC_004_VerifyInvalidUser - ***** TC_001_NewBikes_UpcomingBikes finished *****
14:43:13.432 [main] INFO  testCase.TC_004_VerifyInvalidUser - ***** TC_002_UpcomingBikeManufacturers starting *****
14:43:13.434 [main] INFO  testCase.TC_004_VerifyInvalidUser - Selecting Honda in the manufacturer dropdown
14:43:17.097 [main] INFO  testCase.TC_004_VerifyInvalidUser - Fetching newly launched bikes in upcoming bikes Honda section
14:43:28.038 [main] INFO  testCase.TC_004_VerifyInvalidUser - ***** TC_002_UpcomingBikeManufacturers finished *****
14:43:29.099 [main] INFO  testCase.TC_004_VerifyInvalidUser - ***** TC_003_UsedCarsLocationSpecificTest starting *****
14:44:01.936 [main] INFO  testCase.TC_004_VerifyInvalidUser - ***** TC_003_UsedCarsLocationSpecificTest finished *****
